06-May-2025 20:33:15.697 INFO [main] org.apache.catalina.startup.VersionLoggerListener.log Server version name:   Apache Tomcat/10.1.36
06-May-2025 20:33:15.700 INFO [main] org.apache.catalina.startup.VersionLoggerListener.log Server built:          Feb 13 2025 13:13:30 UTC
06-May-2025 20:33:15.700 INFO [main] org.apache.catalina.startup.VersionLoggerListener.log Server version number: 10.1.36.0
06-May-2025 20:33:15.700 INFO [main] org.apache.catalina.startup.VersionLoggerListener.log OS Name:               Mac OS X
06-May-2025 20:33:15.700 INFO [main] org.apache.catalina.startup.VersionLoggerListener.log OS Version:            15.4.1
06-May-2025 20:33:15.700 INFO [main] org.apache.catalina.startup.VersionLoggerListener.log Architecture:          aarch64
06-May-2025 20:33:15.700 INFO [main] org.apache.catalina.startup.VersionLoggerListener.log Java Home:             /Users/laz/Library/Java/JavaVirtualMachines/temurin-21.0.6/Contents/Home
06-May-2025 20:33:15.700 INFO [main] org.apache.catalina.startup.VersionLoggerListener.log JVM Version:           21.0.6+7-LTS
06-May-2025 20:33:15.700 INFO [main] org.apache.catalina.startup.VersionLoggerListener.log JVM Vendor:            Eclipse Adoptium
06-May-2025 20:33:15.700 INFO [main] org.apache.catalina.startup.VersionLoggerListener.log CATALINA_BASE:         /Users/laz/Documents/GitHub/ISDProject
06-May-2025 20:33:15.700 INFO [main] org.apache.catalina.startup.VersionLoggerListener.log CATALINA_HOME:         /Users/laz/Downloads/apache-tomcat-10.1.36
06-May-2025 20:33:15.708 INFO [main] org.apache.catalina.startup.VersionLoggerListener.log Command line argument: --add-opens=java.base/java.lang=ALL-UNNAMED
06-May-2025 20:33:15.708 INFO [main] org.apache.catalina.startup.VersionLoggerListener.log Command line argument: --add-opens=java.base/java.io=ALL-UNNAMED
06-May-2025 20:33:15.708 INFO [main] org.apache.catalina.startup.VersionLoggerListener.log Command line argument: --add-opens=java.base/java.util=ALL-UNNAMED
06-May-2025 20:33:15.708 INFO [main] org.apache.catalina.startup.VersionLoggerListener.log Command line argument: --add-opens=java.base/java.util.concurrent=ALL-UNNAMED
06-May-2025 20:33:15.708 INFO [main] org.apache.catalina.startup.VersionLoggerListener.log Command line argument: --add-opens=java.rmi/sun.rmi.transport=ALL-UNNAMED
06-May-2025 20:33:15.708 INFO [main] org.apache.catalina.startup.VersionLoggerListener.log Command line argument: -Dcatalina.home=/Users/laz/Downloads/apache-tomcat-10.1.36
06-May-2025 20:33:15.708 INFO [main] org.apache.catalina.startup.VersionLoggerListener.log Command line argument: -Dcatalina.base=/Users/laz/Documents/GitHub/ISDProject
06-May-2025 20:33:15.708 INFO [main] org.apache.catalina.startup.VersionLoggerListener.log Command line argument: -Djava.io.tmpdir=/Users/laz/Documents/GitHub/ISDProject/temp
06-May-2025 20:33:15.708 INFO [main] org.apache.catalina.startup.VersionLoggerListener.log Command line argument: -Djava.util.logging.config.file=/Users/laz/Documents/GitHub/ISDProject/conf/logging.properties
06-May-2025 20:33:15.708 INFO [main] org.apache.catalina.startup.VersionLoggerListener.log Command line argument: -Djava.util.logging.manager=org.apache.juli.ClassLoaderLogManager
06-May-2025 20:33:15.709 INFO [main] org.apache.catalina.startup.VersionLoggerListener.log Command line argument: -javaagent:/Applications/IntelliJ IDEA.app/Contents/lib/idea_rt.jar=57635
06-May-2025 20:33:15.709 INFO [main] org.apache.catalina.startup.VersionLoggerListener.log Command line argument: -Dfile.encoding=UTF-8
06-May-2025 20:33:15.709 INFO [main] org.apache.catalina.startup.VersionLoggerListener.log Command line argument: -Dsun.stdout.encoding=UTF-8
06-May-2025 20:33:15.709 INFO [main] org.apache.catalina.startup.VersionLoggerListener.log Command line argument: -Dsun.stderr.encoding=UTF-8
06-May-2025 20:33:15.716 INFO [main] org.apache.catalina.core.AprLifecycleListener.lifecycleEvent The Apache Tomcat Native library which allows using OpenSSL was not found on the java.library.path: [/Users/laz/Library/Java/Extensions:/Library/Java/Extensions:/Network/Library/Java/Extensions:/System/Library/Java/Extensions:/usr/lib/java:.]
06-May-2025 20:33:15.835 INFO [main] org.apache.coyote.AbstractProtocol.init Initializing ProtocolHandler ["http-nio-8080"]
06-May-2025 20:33:15.842 INFO [main] org.apache.catalina.startup.Catalina.load Server initialization in [240] milliseconds
06-May-2025 20:33:15.860 INFO [main] org.apache.catalina.core.StandardService.startInternal Starting service [Catalina]
06-May-2025 20:33:15.860 INFO [main] org.apache.catalina.core.StandardEngine.startInternal Starting Servlet engine: [Apache Tomcat/10.1.36]
06-May-2025 20:33:15.864 INFO [main] org.apache.catalina.startup.HostConfig.deployDescriptor Deploying deployment descriptor [/Users/laz/Documents/GitHub/ISDProject/conf/Catalina/localhost/ISDProject.xml]
06-May-2025 20:33:16.025 INFO [main] org.apache.jasper.servlet.TldScanner.scanJars At least one JAR was scanned for TLDs yet contained no TLDs. Enable debug logging for this logger for a complete list of JARs that were scanned but no TLDs were found in them. Skipping unneeded JARs during scanning can improve startup time and JSP compilation time.
06-May-2025 20:33:16.043 INFO [main] org.apache.catalina.startup.HostConfig.deployDescriptor Deployment of deployment descriptor [/Users/laz/Documents/GitHub/ISDProject/conf/Catalina/localhost/ISDProject.xml] has finished in [179] ms
06-May-2025 20:33:16.045 INFO [main] org.apache.coyote.AbstractProtocol.start Starting ProtocolHandler ["http-nio-8080"]
06-May-2025 20:33:16.051 INFO [main] org.apache.catalina.startup.Catalina.start Server startup in [208] milliseconds
06-May-2025 20:34:48.668 INFO [Thread-1] org.apache.coyote.AbstractProtocol.pause Pausing ProtocolHandler ["http-nio-8080"]
06-May-2025 20:34:48.669 INFO [Thread-1] org.apache.catalina.core.StandardService.stopInternal Stopping service [Catalina]
06-May-2025 20:34:48.673 WARNING [Thread-1] org.apache.catalina.loader.WebappClassLoaderBase.clearReferencesJdbc The web application [ISDProject] registered the JDBC driver [org.sqlite.JDBC] but failed to unregister it when the web application was stopped. To prevent a memory leak, the JDBC Driver has been forcibly unregistered.
06-May-2025 20:34:48.677 INFO [Thread-1] org.apache.coyote.AbstractProtocol.stop Stopping ProtocolHandler ["http-nio-8080"]
06-May-2025 20:34:48.679 INFO [Thread-1] org.apache.coyote.AbstractProtocol.destroy Destroying ProtocolHandler ["http-nio-8080"]
06-May-2025 20:36:03.002 INFO [main] org.apache.catalina.startup.VersionLoggerListener.log Server version name:   Apache Tomcat/10.1.36
06-May-2025 20:36:03.006 INFO [main] org.apache.catalina.startup.VersionLoggerListener.log Server built:          Feb 13 2025 13:13:30 UTC
06-May-2025 20:36:03.006 INFO [main] org.apache.catalina.startup.VersionLoggerListener.log Server version number: 10.1.36.0
06-May-2025 20:36:03.006 INFO [main] org.apache.catalina.startup.VersionLoggerListener.log OS Name:               Mac OS X
06-May-2025 20:36:03.006 INFO [main] org.apache.catalina.startup.VersionLoggerListener.log OS Version:            15.4.1
06-May-2025 20:36:03.006 INFO [main] org.apache.catalina.startup.VersionLoggerListener.log Architecture:          aarch64
06-May-2025 20:36:03.006 INFO [main] org.apache.catalina.startup.VersionLoggerListener.log Java Home:             /Users/laz/Library/Java/JavaVirtualMachines/temurin-21.0.6/Contents/Home
06-May-2025 20:36:03.006 INFO [main] org.apache.catalina.startup.VersionLoggerListener.log JVM Version:           21.0.6+7-LTS
06-May-2025 20:36:03.006 INFO [main] org.apache.catalina.startup.VersionLoggerListener.log JVM Vendor:            Eclipse Adoptium
06-May-2025 20:36:03.006 INFO [main] org.apache.catalina.startup.VersionLoggerListener.log CATALINA_BASE:         /Users/laz/Documents/GitHub/ISDProject
06-May-2025 20:36:03.007 INFO [main] org.apache.catalina.startup.VersionLoggerListener.log CATALINA_HOME:         /Users/laz/Downloads/apache-tomcat-10.1.36
06-May-2025 20:36:03.011 INFO [main] org.apache.catalina.startup.VersionLoggerListener.log Command line argument: --add-opens=java.base/java.lang=ALL-UNNAMED
06-May-2025 20:36:03.012 INFO [main] org.apache.catalina.startup.VersionLoggerListener.log Command line argument: --add-opens=java.base/java.io=ALL-UNNAMED
06-May-2025 20:36:03.012 INFO [main] org.apache.catalina.startup.VersionLoggerListener.log Command line argument: --add-opens=java.base/java.util=ALL-UNNAMED
06-May-2025 20:36:03.012 INFO [main] org.apache.catalina.startup.VersionLoggerListener.log Command line argument: --add-opens=java.base/java.util.concurrent=ALL-UNNAMED
06-May-2025 20:36:03.012 INFO [main] org.apache.catalina.startup.VersionLoggerListener.log Command line argument: --add-opens=java.rmi/sun.rmi.transport=ALL-UNNAMED
06-May-2025 20:36:03.012 INFO [main] org.apache.catalina.startup.VersionLoggerListener.log Command line argument: -Dcatalina.home=/Users/laz/Downloads/apache-tomcat-10.1.36
06-May-2025 20:36:03.012 INFO [main] org.apache.catalina.startup.VersionLoggerListener.log Command line argument: -Dcatalina.base=/Users/laz/Documents/GitHub/ISDProject
06-May-2025 20:36:03.012 INFO [main] org.apache.catalina.startup.VersionLoggerListener.log Command line argument: -Djava.io.tmpdir=/Users/laz/Documents/GitHub/ISDProject/temp
06-May-2025 20:36:03.012 INFO [main] org.apache.catalina.startup.VersionLoggerListener.log Command line argument: -Djava.util.logging.config.file=/Users/laz/Documents/GitHub/ISDProject/conf/logging.properties
06-May-2025 20:36:03.012 INFO [main] org.apache.catalina.startup.VersionLoggerListener.log Command line argument: -Djava.util.logging.manager=org.apache.juli.ClassLoaderLogManager
06-May-2025 20:36:03.012 INFO [main] org.apache.catalina.startup.VersionLoggerListener.log Command line argument: -javaagent:/Applications/IntelliJ IDEA.app/Contents/lib/idea_rt.jar=57666
06-May-2025 20:36:03.012 INFO [main] org.apache.catalina.startup.VersionLoggerListener.log Command line argument: -Dfile.encoding=UTF-8
06-May-2025 20:36:03.012 INFO [main] org.apache.catalina.startup.VersionLoggerListener.log Command line argument: -Dsun.stdout.encoding=UTF-8
06-May-2025 20:36:03.013 INFO [main] org.apache.catalina.startup.VersionLoggerListener.log Command line argument: -Dsun.stderr.encoding=UTF-8
06-May-2025 20:36:03.018 INFO [main] org.apache.catalina.core.AprLifecycleListener.lifecycleEvent The Apache Tomcat Native library which allows using OpenSSL was not found on the java.library.path: [/Users/laz/Library/Java/Extensions:/Library/Java/Extensions:/Network/Library/Java/Extensions:/System/Library/Java/Extensions:/usr/lib/java:.]
06-May-2025 20:36:03.145 INFO [main] org.apache.coyote.AbstractProtocol.init Initializing ProtocolHandler ["http-nio-8080"]
06-May-2025 20:36:03.156 INFO [main] org.apache.catalina.startup.Catalina.load Server initialization in [227] milliseconds
06-May-2025 20:36:03.173 INFO [main] org.apache.catalina.core.StandardService.startInternal Starting service [Catalina]
06-May-2025 20:36:03.173 INFO [main] org.apache.catalina.core.StandardEngine.startInternal Starting Servlet engine: [Apache Tomcat/10.1.36]
06-May-2025 20:36:03.176 INFO [main] org.apache.catalina.startup.HostConfig.deployDescriptor Deploying deployment descriptor [/Users/laz/Documents/GitHub/ISDProject/conf/Catalina/localhost/ISDProject.xml]
06-May-2025 20:36:03.320 INFO [main] org.apache.jasper.servlet.TldScanner.scanJars At least one JAR was scanned for TLDs yet contained no TLDs. Enable debug logging for this logger for a complete list of JARs that were scanned but no TLDs were found in them. Skipping unneeded JARs during scanning can improve startup time and JSP compilation time.
06-May-2025 20:36:03.334 INFO [main] org.apache.catalina.startup.HostConfig.deployDescriptor Deployment of deployment descriptor [/Users/laz/Documents/GitHub/ISDProject/conf/Catalina/localhost/ISDProject.xml] has finished in [158] ms
06-May-2025 20:36:03.336 INFO [main] org.apache.coyote.AbstractProtocol.start Starting ProtocolHandler ["http-nio-8080"]
06-May-2025 20:36:03.343 INFO [main] org.apache.catalina.startup.Catalina.start Server startup in [186] milliseconds
06-May-2025 20:36:34.359 INFO [Thread-1] org.apache.coyote.AbstractProtocol.pause Pausing ProtocolHandler ["http-nio-8080"]
06-May-2025 20:36:34.360 INFO [Thread-1] org.apache.catalina.core.StandardService.stopInternal Stopping service [Catalina]
06-May-2025 20:36:34.362 WARNING [Thread-1] org.apache.catalina.loader.WebappClassLoaderBase.clearReferencesJdbc The web application [ISDProject] registered the JDBC driver [org.sqlite.JDBC] but failed to unregister it when the web application was stopped. To prevent a memory leak, the JDBC Driver has been forcibly unregistered.
06-May-2025 20:36:34.365 INFO [Thread-1] org.apache.coyote.AbstractProtocol.stop Stopping ProtocolHandler ["http-nio-8080"]
06-May-2025 20:36:34.368 INFO [Thread-1] org.apache.coyote.AbstractProtocol.destroy Destroying ProtocolHandler ["http-nio-8080"]
