01-May-2025 22:43:49.923 INFO [main] org.apache.catalina.startup.VersionLoggerListener.log Server version name:   Apache Tomcat/10.1.36
01-May-2025 22:43:49.926 INFO [main] org.apache.catalina.startup.VersionLoggerListener.log Server built:          Feb 13 2025 13:13:30 UTC
01-May-2025 22:43:49.926 INFO [main] org.apache.catalina.startup.VersionLoggerListener.log Server version number: 10.1.36.0
01-May-2025 22:43:49.926 INFO [main] org.apache.catalina.startup.VersionLoggerListener.log OS Name:               Mac OS X
01-May-2025 22:43:49.926 INFO [main] org.apache.catalina.startup.VersionLoggerListener.log OS Version:            15.4.1
01-May-2025 22:43:49.926 INFO [main] org.apache.catalina.startup.VersionLoggerListener.log Architecture:          aarch64
01-May-2025 22:43:49.926 INFO [main] org.apache.catalina.startup.VersionLoggerListener.log Java Home:             /Users/laz/Library/Java/JavaVirtualMachines/temurin-21.0.6/Contents/Home
01-May-2025 22:43:49.926 INFO [main] org.apache.catalina.startup.VersionLoggerListener.log JVM Version:           21.0.6+7-LTS
01-May-2025 22:43:49.926 INFO [main] org.apache.catalina.startup.VersionLoggerListener.log JVM Vendor:            Eclipse Adoptium
01-May-2025 22:43:49.926 INFO [main] org.apache.catalina.startup.VersionLoggerListener.log CATALINA_BASE:         /Users/laz/Documents/GitHub/ISDProject
01-May-2025 22:43:49.926 INFO [main] org.apache.catalina.startup.VersionLoggerListener.log CATALINA_HOME:         /Users/laz/Downloads/apache-tomcat-10.1.36
01-May-2025 22:43:49.932 INFO [main] org.apache.catalina.startup.VersionLoggerListener.log Command line argument: --add-opens=java.base/java.lang=ALL-UNNAMED
01-May-2025 22:43:49.932 INFO [main] org.apache.catalina.startup.VersionLoggerListener.log Command line argument: --add-opens=java.base/java.io=ALL-UNNAMED
01-May-2025 22:43:49.932 INFO [main] org.apache.catalina.startup.VersionLoggerListener.log Command line argument: --add-opens=java.base/java.util=ALL-UNNAMED
01-May-2025 22:43:49.933 INFO [main] org.apache.catalina.startup.VersionLoggerListener.log Command line argument: --add-opens=java.base/java.util.concurrent=ALL-UNNAMED
01-May-2025 22:43:49.933 INFO [main] org.apache.catalina.startup.VersionLoggerListener.log Command line argument: --add-opens=java.rmi/sun.rmi.transport=ALL-UNNAMED
01-May-2025 22:43:49.933 INFO [main] org.apache.catalina.startup.VersionLoggerListener.log Command line argument: -Dcatalina.home=/Users/laz/Downloads/apache-tomcat-10.1.36
01-May-2025 22:43:49.933 INFO [main] org.apache.catalina.startup.VersionLoggerListener.log Command line argument: -Dcatalina.base=/Users/laz/Documents/GitHub/ISDProject
01-May-2025 22:43:49.933 INFO [main] org.apache.catalina.startup.VersionLoggerListener.log Command line argument: -Djava.io.tmpdir=/Users/laz/Documents/GitHub/ISDProject/temp
01-May-2025 22:43:49.933 INFO [main] org.apache.catalina.startup.VersionLoggerListener.log Command line argument: -Djava.util.logging.config.file=/Users/laz/Documents/GitHub/ISDProject/conf/logging.properties
01-May-2025 22:43:49.933 INFO [main] org.apache.catalina.startup.VersionLoggerListener.log Command line argument: -Djava.util.logging.manager=org.apache.juli.ClassLoaderLogManager
01-May-2025 22:43:49.933 INFO [main] org.apache.catalina.startup.VersionLoggerListener.log Command line argument: -javaagent:/Applications/IntelliJ IDEA.app/Contents/lib/idea_rt.jar=49243
01-May-2025 22:43:49.933 INFO [main] org.apache.catalina.startup.VersionLoggerListener.log Command line argument: -Dfile.encoding=UTF-8
01-May-2025 22:43:49.933 INFO [main] org.apache.catalina.startup.VersionLoggerListener.log Command line argument: -Dsun.stdout.encoding=UTF-8
01-May-2025 22:43:49.933 INFO [main] org.apache.catalina.startup.VersionLoggerListener.log Command line argument: -Dsun.stderr.encoding=UTF-8
01-May-2025 22:43:49.939 INFO [main] org.apache.catalina.core.AprLifecycleListener.lifecycleEvent The Apache Tomcat Native library which allows using OpenSSL was not found on the java.library.path: [/Users/laz/Library/Java/Extensions:/Library/Java/Extensions:/Network/Library/Java/Extensions:/System/Library/Java/Extensions:/usr/lib/java:.]
01-May-2025 22:43:50.076 INFO [main] org.apache.coyote.AbstractProtocol.init Initializing ProtocolHandler ["http-nio-8080"]
01-May-2025 22:43:50.088 INFO [main] org.apache.catalina.startup.Catalina.load Server initialization in [256] milliseconds
01-May-2025 22:43:50.104 INFO [main] org.apache.catalina.core.StandardService.startInternal Starting service [Catalina]
01-May-2025 22:43:50.104 INFO [main] org.apache.catalina.core.StandardEngine.startInternal Starting Servlet engine: [Apache Tomcat/10.1.36]
01-May-2025 22:43:50.107 INFO [main] org.apache.catalina.startup.HostConfig.deployDescriptor Deploying deployment descriptor [/Users/laz/Documents/GitHub/ISDProject/conf/Catalina/localhost/ISDProject.xml]
01-May-2025 22:43:50.253 INFO [main] org.apache.jasper.servlet.TldScanner.scanJars At least one JAR was scanned for TLDs yet contained no TLDs. Enable debug logging for this logger for a complete list of JARs that were scanned but no TLDs were found in them. Skipping unneeded JARs during scanning can improve startup time and JSP compilation time.
01-May-2025 22:43:50.267 INFO [main] org.apache.catalina.startup.HostConfig.deployDescriptor Deployment of deployment descriptor [/Users/laz/Documents/GitHub/ISDProject/conf/Catalina/localhost/ISDProject.xml] has finished in [160] ms
01-May-2025 22:43:50.268 INFO [main] org.apache.coyote.AbstractProtocol.start Starting ProtocolHandler ["http-nio-8080"]
01-May-2025 22:43:50.273 INFO [main] org.apache.catalina.startup.Catalina.start Server startup in [184] milliseconds
01-May-2025 22:46:03.801 INFO [Thread-1] org.apache.coyote.AbstractProtocol.pause Pausing ProtocolHandler ["http-nio-8080"]
01-May-2025 22:46:03.802 INFO [Thread-1] org.apache.catalina.core.StandardService.stopInternal Stopping service [Catalina]
01-May-2025 22:46:03.810 INFO [Thread-1] org.apache.coyote.AbstractProtocol.stop Stopping ProtocolHandler ["http-nio-8080"]
01-May-2025 22:46:03.812 INFO [Thread-1] org.apache.coyote.AbstractProtocol.destroy Destroying ProtocolHandler ["http-nio-8080"]
01-May-2025 22:46:04.702 INFO [main] org.apache.catalina.startup.VersionLoggerListener.log Server version name:   Apache Tomcat/10.1.36
01-May-2025 22:46:04.704 INFO [main] org.apache.catalina.startup.VersionLoggerListener.log Server built:          Feb 13 2025 13:13:30 UTC
01-May-2025 22:46:04.704 INFO [main] org.apache.catalina.startup.VersionLoggerListener.log Server version number: 10.1.36.0
01-May-2025 22:46:04.704 INFO [main] org.apache.catalina.startup.VersionLoggerListener.log OS Name:               Mac OS X
01-May-2025 22:46:04.704 INFO [main] org.apache.catalina.startup.VersionLoggerListener.log OS Version:            15.4.1
01-May-2025 22:46:04.705 INFO [main] org.apache.catalina.startup.VersionLoggerListener.log Architecture:          aarch64
01-May-2025 22:46:04.705 INFO [main] org.apache.catalina.startup.VersionLoggerListener.log Java Home:             /Users/laz/Library/Java/JavaVirtualMachines/temurin-21.0.6/Contents/Home
01-May-2025 22:46:04.705 INFO [main] org.apache.catalina.startup.VersionLoggerListener.log JVM Version:           21.0.6+7-LTS
01-May-2025 22:46:04.705 INFO [main] org.apache.catalina.startup.VersionLoggerListener.log JVM Vendor:            Eclipse Adoptium
01-May-2025 22:46:04.705 INFO [main] org.apache.catalina.startup.VersionLoggerListener.log CATALINA_BASE:         /Users/laz/Documents/GitHub/ISDProject
01-May-2025 22:46:04.705 INFO [main] org.apache.catalina.startup.VersionLoggerListener.log CATALINA_HOME:         /Users/laz/Downloads/apache-tomcat-10.1.36
01-May-2025 22:46:04.709 INFO [main] org.apache.catalina.startup.VersionLoggerListener.log Command line argument: --add-opens=java.base/java.lang=ALL-UNNAMED
01-May-2025 22:46:04.709 INFO [main] org.apache.catalina.startup.VersionLoggerListener.log Command line argument: --add-opens=java.base/java.io=ALL-UNNAMED
01-May-2025 22:46:04.709 INFO [main] org.apache.catalina.startup.VersionLoggerListener.log Command line argument: --add-opens=java.base/java.util=ALL-UNNAMED
01-May-2025 22:46:04.709 INFO [main] org.apache.catalina.startup.VersionLoggerListener.log Command line argument: --add-opens=java.base/java.util.concurrent=ALL-UNNAMED
01-May-2025 22:46:04.709 INFO [main] org.apache.catalina.startup.VersionLoggerListener.log Command line argument: --add-opens=java.rmi/sun.rmi.transport=ALL-UNNAMED
01-May-2025 22:46:04.709 INFO [main] org.apache.catalina.startup.VersionLoggerListener.log Command line argument: -Dcatalina.home=/Users/laz/Downloads/apache-tomcat-10.1.36
01-May-2025 22:46:04.709 INFO [main] org.apache.catalina.startup.VersionLoggerListener.log Command line argument: -Dcatalina.base=/Users/laz/Documents/GitHub/ISDProject
01-May-2025 22:46:04.709 INFO [main] org.apache.catalina.startup.VersionLoggerListener.log Command line argument: -Djava.io.tmpdir=/Users/laz/Documents/GitHub/ISDProject/temp
01-May-2025 22:46:04.709 INFO [main] org.apache.catalina.startup.VersionLoggerListener.log Command line argument: -Djava.util.logging.config.file=/Users/laz/Documents/GitHub/ISDProject/conf/logging.properties
01-May-2025 22:46:04.709 INFO [main] org.apache.catalina.startup.VersionLoggerListener.log Command line argument: -Djava.util.logging.manager=org.apache.juli.ClassLoaderLogManager
01-May-2025 22:46:04.709 INFO [main] org.apache.catalina.startup.VersionLoggerListener.log Command line argument: -javaagent:/Applications/IntelliJ IDEA.app/Contents/lib/idea_rt.jar=49295
01-May-2025 22:46:04.709 INFO [main] org.apache.catalina.startup.VersionLoggerListener.log Command line argument: -Dfile.encoding=UTF-8
01-May-2025 22:46:04.709 INFO [main] org.apache.catalina.startup.VersionLoggerListener.log Command line argument: -Dsun.stdout.encoding=UTF-8
01-May-2025 22:46:04.709 INFO [main] org.apache.catalina.startup.VersionLoggerListener.log Command line argument: -Dsun.stderr.encoding=UTF-8
01-May-2025 22:46:04.713 INFO [main] org.apache.catalina.core.AprLifecycleListener.lifecycleEvent The Apache Tomcat Native library which allows using OpenSSL was not found on the java.library.path: [/Users/laz/Library/Java/Extensions:/Library/Java/Extensions:/Network/Library/Java/Extensions:/System/Library/Java/Extensions:/usr/lib/java:.]
01-May-2025 22:46:04.832 INFO [main] org.apache.coyote.AbstractProtocol.init Initializing ProtocolHandler ["http-nio-8080"]
01-May-2025 22:46:04.844 INFO [main] org.apache.catalina.startup.Catalina.load Server initialization in [219] milliseconds
01-May-2025 22:46:04.870 INFO [main] org.apache.catalina.core.StandardService.startInternal Starting service [Catalina]
01-May-2025 22:46:04.870 INFO [main] org.apache.catalina.core.StandardEngine.startInternal Starting Servlet engine: [Apache Tomcat/10.1.36]
01-May-2025 22:46:04.877 INFO [main] org.apache.catalina.startup.HostConfig.deployDescriptor Deploying deployment descriptor [/Users/laz/Documents/GitHub/ISDProject/conf/Catalina/localhost/ISDProject.xml]
01-May-2025 22:46:05.076 INFO [main] org.apache.jasper.servlet.TldScanner.scanJars At least one JAR was scanned for TLDs yet contained no TLDs. Enable debug logging for this logger for a complete list of JARs that were scanned but no TLDs were found in them. Skipping unneeded JARs during scanning can improve startup time and JSP compilation time.
01-May-2025 22:46:05.094 INFO [main] org.apache.catalina.startup.HostConfig.deployDescriptor Deployment of deployment descriptor [/Users/laz/Documents/GitHub/ISDProject/conf/Catalina/localhost/ISDProject.xml] has finished in [217] ms
01-May-2025 22:46:05.096 INFO [main] org.apache.coyote.AbstractProtocol.start Starting ProtocolHandler ["http-nio-8080"]
01-May-2025 22:46:05.103 INFO [main] org.apache.catalina.startup.Catalina.start Server startup in [258] milliseconds
01-May-2025 22:46:07.088 INFO [Thread-1] org.apache.coyote.AbstractProtocol.pause Pausing ProtocolHandler ["http-nio-8080"]
01-May-2025 22:46:07.090 INFO [Thread-1] org.apache.catalina.core.StandardService.stopInternal Stopping service [Catalina]
01-May-2025 22:46:07.094 INFO [Thread-1] org.apache.coyote.AbstractProtocol.stop Stopping ProtocolHandler ["http-nio-8080"]
01-May-2025 22:46:07.097 INFO [Thread-1] org.apache.coyote.AbstractProtocol.destroy Destroying ProtocolHandler ["http-nio-8080"]
